# JRE version: OpenJDK Runtime Environment Temurin-17.0.13+11 (17.0.13+11) (build 17.0.13+11)
# Java VM: OpenJDK 64-Bit Server VM Temurin-17.0.13+11 (17.0.13+11, mixed mode, tiered, compressed oops, compressed class ptrs, parallel gc, windows-amd64)
GC Precious Log:
 CPUs: 8 total, 8 available
 Memory: 24418M
 Large Page Support: Disabled
 NUMA Support: Disabled
 Compressed Oops: Enabled (32-bit)
 Alignments: Space 512K, Generation 512K, Heap 2M
 Heap Min Capacity: 100M
 Heap Initial Capacity: 100M
 Heap Max Capacity: 1G
 Pre-touch: Disabled
 Parallel Workers: 8
Heap:
 PSYoungGen      total 4608K, used 3781K [0x00000000eab00000, 0x00000000eb100000, 0x0000000100000000)
  eden space 3584K, 89% used [0x00000000eab00000,0x00000000eae22e78,0x00000000eae80000)
  from space 1024K, 55% used [0x00000000eaf80000,0x00000000eb00e920,0x00000000eb080000)
  to   space 512K, 0% used [0x00000000eb080000,0x00000000eb080000,0x00000000eb100000)
 ParOldGen       total 239104K, used 216704K [0x00000000c0000000, 0x00000000ce980000, 0x00000000eab00000)
  object space 239104K, 90% used [0x00000000c0000000,0x00000000cd3a0020,0x00000000ce980000)
 Metaspace       used 100941K, committed 102592K, reserved 1179648K
  class space    used 10697K, committed 11392K, reserved 1048576K
GC Heap History (20 events):
Event: 415.839 GC heap before
{Heap before GC invocations=1765 (full 33):
 PSYoungGen      total 4096K, used 4084K [0x00000000eab00000, 0x00000000eb080000, 0x0000000100000000)
  eden space 3584K, 100% used [0x00000000eab00000,0x00000000eae80000,0x00000000eae80000)
  from space 512K, 97% used [0x00000000eaf00000,0x00000000eaf7d220,0x00000000eaf80000)
  to   space 1024K, 0% used [0x00000000eaf80000,0x00000000eaf80000,0x00000000eb080000)
 ParOldGen       total 239104K, used 210617K [0x00000000c0000000, 0x00000000ce980000, 0x00000000eab00000)
  object space 239104K, 88% used [0x00000000c0000000,0x00000000ccdae538,0x00000000ce980000)
 Metaspace       used 100923K, committed 102528K, reserved 1179648K
  class space    used 10694K, committed 11392K, reserved 1048576K
}
Event: 415.840 GC heap after
{Heap after GC invocations=1765 (full 33):
 PSYoungGen      total 4608K, used 957K [0x00000000eab00000, 0x00000000eb080000, 0x0000000100000000)
  eden space 3584K, 0% used [0x00000000eab00000,0x00000000eab00000,0x00000000eae80000)
  from space 1024K, 93% used [0x00000000eaf80000,0x00000000eb06f440,0x00000000eb080000)
  to   space 1024K, 0% used [0x00000000eae80000,0x00000000eae80000,0x00000000eaf80000)
 ParOldGen       total 239104K, used 211117K [0x00000000c0000000, 0x00000000ce980000, 0x00000000eab00000)
  object space 239104K, 88% used [0x00000000c0000000,0x00000000cce2b758,0x00000000ce980000)
 Metaspace       used 100923K, committed 102528K, reserved 1179648K
  class space    used 10694K, committed 11392K, reserved 1048576K
}
Event: 415.846 GC heap before
{Heap before GC invocations=1766 (full 33):
 PSYoungGen      total 4608K, used 4541K [0x00000000eab00000, 0x00000000eb080000, 0x0000000100000000)
  eden space 3584K, 100% used [0x00000000eab00000,0x00000000eae80000,0x00000000eae80000)
  from space 1024K, 93% used [0x00000000eaf80000,0x00000000eb06f440,0x00000000eb080000)
  to   space 1024K, 0% used [0x00000000eae80000,0x00000000eae80000,0x00000000eaf80000)
 ParOldGen       total 239104K, used 211117K [0x00000000c0000000, 0x00000000ce980000, 0x00000000eab00000)
  object space 239104K, 88% used [0x00000000c0000000,0x00000000cce2b758,0x00000000ce980000)
 Metaspace       used 100923K, committed 102528K, reserved 1179648K
  class space    used 10694K, committed 11392K, reserved 1048576K
}
Event: 415.847 GC heap after
{Heap after GC invocations=1766 (full 33):
 PSYoungGen      total 4608K, used 1024K [0x00000000eab00000, 0x00000000eb680000, 0x0000000100000000)
  eden space 3584K, 0% used [0x00000000eab00000,0x00000000eab00000,0x00000000eae80000)
  from space 1024K, 100% used [0x00000000eae80000,0x00000000eaf80000,0x00000000eaf80000)
  to   space 4096K, 0% used [0x00000000eb280000,0x00000000eb280000,0x00000000eb680000)
 ParOldGen       total 239104K, used 213498K [0x00000000c0000000, 0x00000000ce980000, 0x00000000eab00000)
  object space 239104K, 89% used [0x00000000c0000000,0x00000000cd07eb98,0x00000000ce980000)
 Metaspace       used 100923K, committed 102528K, reserved 1179648K
  class space    used 10694K, committed 11392K, reserved 1048576K
}
Event: 415.860 GC heap before
{Heap before GC invocations=1767 (full 33):
 PSYoungGen      total 4608K, used 4607K [0x00000000eab00000, 0x00000000eb680000, 0x0000000100000000)
  eden space 3584K, 99% used [0x00000000eab00000,0x00000000eae7ffc8,0x00000000eae80000)
  from space 1024K, 100% used [0x00000000eae80000,0x00000000eaf80000,0x00000000eaf80000)
  to   space 4096K, 0% used [0x00000000eb280000,0x00000000eb280000,0x00000000eb680000)
 ParOldGen       total 239104K, used 213498K [0x00000000c0000000, 0x00000000ce980000, 0x00000000eab00000)
  object space 239104K, 89% used [0x00000000c0000000,0x00000000cd07eb98,0x00000000ce980000)
 Metaspace       used 100934K, committed 102528K, reserved 1179648K
  class space    used 10696K, committed 11392K, reserved 1048576K
}
Event: 415.861 GC heap after
{Heap after GC invocations=1767 (full 33):
 PSYoungGen      total 6144K, used 2237K [0x00000000eab00000, 0x00000000eb500000, 0x0000000100000000)
  eden space 3584K, 0% used [0x00000000eab00000,0x00000000eab00000,0x00000000eae80000)
  from space 2560K, 87% used [0x00000000eb280000,0x00000000eb4af440,0x00000000eb500000)
  to   space 3072K, 0% used [0x00000000eaf00000,0x00000000eaf00000,0x00000000eb200000)
 ParOldGen       total 239104K, used 214554K [0x00000000c0000000, 0x00000000ce980000, 0x00000000eab00000)
  object space 239104K, 89% used [0x00000000c0000000,0x00000000cd186b98,0x00000000ce980000)
 Metaspace       used 100934K, committed 102528K, reserved 1179648K
  class space    used 10696K, committed 11392K, reserved 1048576K
}
Event: 415.869 GC heap before
{Heap before GC invocations=1768 (full 33):
 PSYoungGen      total 6144K, used 5821K [0x00000000eab00000, 0x00000000eb500000, 0x0000000100000000)
  eden space 3584K, 100% used [0x00000000eab00000,0x00000000eae80000,0x00000000eae80000)
  from space 2560K, 87% used [0x00000000eb280000,0x00000000eb4af440,0x00000000eb500000)
  to   space 3072K, 0% used [0x00000000eaf00000,0x00000000eaf00000,0x00000000eb200000)
 ParOldGen       total 239104K, used 214554K [0x00000000c0000000, 0x00000000ce980000, 0x00000000eab00000)
  object space 239104K, 89% used [0x00000000c0000000,0x00000000cd186b98,0x00000000ce980000)
 Metaspace       used 100934K, committed 102528K, reserved 1179648K
  class space    used 10696K, committed 11392K, reserved 1048576K
}
Event: 415.869 GC heap after
{Heap after GC invocations=1768 (full 33):
 PSYoungGen      total 4608K, used 576K [0x00000000eab00000, 0x00000000eb300000, 0x0000000100000000)
  eden space 3584K, 0% used [0x00000000eab00000,0x00000000eab00000,0x00000000eae80000)
  from space 1024K, 56% used [0x00000000eaf00000,0x00000000eaf90020,0x00000000eb000000)
  to   space 1536K, 0% used [0x00000000eb180000,0x00000000eb180000,0x00000000eb300000)
 ParOldGen       total 239104K, used 214898K [0x00000000c0000000, 0x00000000ce980000, 0x00000000eab00000)
  object space 239104K, 89% used [0x00000000c0000000,0x00000000cd1dcb98,0x00000000ce980000)
 Metaspace       used 100934K, committed 102528K, reserved 1179648K
  class space    used 10696K, committed 11392K, reserved 1048576K
}
Event: 415.876 GC heap before
{Heap before GC invocations=1769 (full 33):
 PSYoungGen      total 4608K, used 4160K [0x00000000eab00000, 0x00000000eb300000, 0x0000000100000000)
  eden space 3584K, 100% used [0x00000000eab00000,0x00000000eae80000,0x00000000eae80000)
  from space 1024K, 56% used [0x00000000eaf00000,0x00000000eaf90020,0x00000000eb000000)
  to   space 1536K, 0% used [0x00000000eb180000,0x00000000eb180000,0x00000000eb300000)
 ParOldGen       total 239104K, used 214898K [0x00000000c0000000, 0x00000000ce980000, 0x00000000eab00000)
  object space 239104K, 89% used [0x00000000c0000000,0x00000000cd1dcb98,0x00000000ce980000)
 Metaspace       used 100941K, committed 102592K, reserved 1179648K
  class space    used 10697K, committed 11392K, reserved 1048576K
}
Event: 415.877 GC heap after
{Heap after GC invocations=1769 (full 33):
 PSYoungGen      total 4096K, used 512K [0x00000000eab00000, 0x00000000eb200000, 0x0000000100000000)
  eden space 3584K, 0% used [0x00000000eab00000,0x00000000eab00000,0x00000000eae80000)
  from space 512K, 100% used [0x00000000eb180000,0x00000000eb200000,0x00000000eb200000)
  to   space 1024K, 0% used [0x00000000eb000000,0x00000000eb000000,0x00000000eb100000)
 ParOldGen       total 239104K, used 215331K [0x00000000c0000000, 0x00000000ce980000, 0x00000000eab00000)
  object space 239104K, 90% used [0x00000000c0000000,0x00000000cd248e00,0x00000000ce980000)
 Metaspace       used 100941K, committed 102592K, reserved 1179648K
  class space    used 10697K, committed 11392K, reserved 1048576K
}
Event: 415.882 GC heap before
{Heap before GC invocations=1770 (full 33):
 PSYoungGen      total 4096K, used 4096K [0x00000000eab00000, 0x00000000eb200000, 0x0000000100000000)
  eden space 3584K, 100% used [0x00000000eab00000,0x00000000eae80000,0x00000000eae80000)
  from space 512K, 100% used [0x00000000eb180000,0x00000000eb200000,0x00000000eb200000)
  to   space 1024K, 0% used [0x00000000eb000000,0x00000000eb000000,0x00000000eb100000)
 ParOldGen       total 239104K, used 215331K [0x00000000c0000000, 0x00000000ce980000, 0x00000000eab00000)
  object space 239104K, 90% used [0x00000000c0000000,0x00000000cd248e00,0x00000000ce980000)
 Metaspace       used 100941K, committed 102592K, reserved 1179648K
  class space    used 10697K, committed 11392K, reserved 1048576K
}
Event: 415.883 GC heap after
{Heap after GC invocations=1770 (full 33):
 PSYoungGen      total 4608K, used 1021K [0x00000000eab00000, 0x00000000eb380000, 0x0000000100000000)
  eden space 3584K, 0% used [0x00000000eab00000,0x00000000eab00000,0x00000000eae80000)
  from space 1024K, 99% used [0x00000000eb000000,0x00000000eb0ff440,0x00000000eb100000)
  to   space 2560K, 0% used [0x00000000eb100000,0x00000000eb100000,0x00000000eb380000)
 ParOldGen       total 239104K, used 216435K [0x00000000c0000000, 0x00000000ce980000, 0x00000000eab00000)
  object space 239104K, 90% used [0x00000000c0000000,0x00000000cd35ce00,0x00000000ce980000)
 Metaspace       used 100941K, committed 102592K, reserved 1179648K
  class space    used 10697K, committed 11392K, reserved 1048576K
}
Event: 415.896 GC heap before
{Heap before GC invocations=1771 (full 33):
 PSYoungGen      total 4608K, used 4605K [0x00000000eab00000, 0x00000000eb380000, 0x0000000100000000)
  eden space 3584K, 100% used [0x00000000eab00000,0x00000000eae80000,0x00000000eae80000)
  from space 1024K, 99% used [0x00000000eb000000,0x00000000eb0ff440,0x00000000eb100000)
  to   space 2560K, 0% used [0x00000000eb100000,0x00000000eb100000,0x00000000eb380000)
 ParOldGen       total 239104K, used 216435K [0x00000000c0000000, 0x00000000ce980000, 0x00000000eab00000)
  object space 239104K, 90% used [0x00000000c0000000,0x00000000cd35ce00,0x00000000ce980000)
 Metaspace       used 100941K, committed 102592K, reserved 1179648K
  class space    used 10697K, committed 11392K, reserved 1048576K
}
Event: 415.897 GC heap after
{Heap after GC invocations=1771 (full 33):
 PSYoungGen      total 4608K, used 957K [0x00000000eab00000, 0x00000000eb200000, 0x0000000100000000)
  eden space 3584K, 0% used [0x00000000eab00000,0x00000000eab00000,0x00000000eae80000)
  from space 1024K, 93% used [0x00000000eb100000,0x00000000eb1ef440,0x00000000eb200000)
  to   space 1536K, 0% used [0x00000000eaf00000,0x00000000eaf00000,0x00000000eb080000)
 ParOldGen       total 239104K, used 216467K [0x00000000c0000000, 0x00000000ce980000, 0x00000000eab00000)
  object space 239104K, 90% used [0x00000000c0000000,0x00000000cd364e00,0x00000000ce980000)
 Metaspace       used 100941K, committed 102592K, reserved 1179648K
  class space    used 10697K, committed 11392K, reserved 1048576K
}
Event: 426.732 GC heap before
{Heap before GC invocations=1772 (full 33):
 PSYoungGen      total 4608K, used 4534K [0x00000000eab00000, 0x00000000eb200000, 0x0000000100000000)
  eden space 3584K, 99% used [0x00000000eab00000,0x00000000eae7e410,0x00000000eae80000)
  from space 1024K, 93% used [0x00000000eb100000,0x00000000eb1ef440,0x00000000eb200000)
  to   space 1536K, 0% used [0x00000000eaf00000,0x00000000eaf00000,0x00000000eb080000)
 ParOldGen       total 239104K, used 216467K [0x00000000c0000000, 0x00000000ce980000, 0x00000000eab00000)
  object space 239104K, 90% used [0x00000000c0000000,0x00000000cd364e00,0x00000000ce980000)
 Metaspace       used 100941K, committed 102592K, reserved 1179648K
  class space    used 10697K, committed 11392K, reserved 1048576K
}
Event: 426.733 GC heap after
{Heap after GC invocations=1772 (full 33):
 PSYoungGen      total 5120K, used 224K [0x00000000eab00000, 0x00000000eb180000, 0x0000000100000000)
  eden space 3584K, 0% used [0x00000000eab00000,0x00000000eab00000,0x00000000eae80000)
  from space 1536K, 14% used [0x00000000eaf00000,0x00000000eaf38000,0x00000000eb080000)
  to   space 1024K, 0% used [0x00000000eb080000,0x00000000eb080000,0x00000000eb180000)
 ParOldGen       total 239104K, used 216475K [0x00000000c0000000, 0x00000000ce980000, 0x00000000eab00000)
  object space 239104K, 90% used [0x00000000c0000000,0x00000000cd366e00,0x00000000ce980000)
 Metaspace       used 100941K, committed 102592K, reserved 1179648K
  class space    used 10697K, committed 11392K, reserved 1048576K
}
Event: 426.738 GC heap before
{Heap before GC invocations=1773 (full 33):
 PSYoungGen      total 5120K, used 3808K [0x00000000eab00000, 0x00000000eb180000, 0x0000000100000000)
  eden space 3584K, 100% used [0x00000000eab00000,0x00000000eae80000,0x00000000eae80000)
  from space 1536K, 14% used [0x00000000eaf00000,0x00000000eaf38000,0x00000000eb080000)
  to   space 1024K, 0% used [0x00000000eb080000,0x00000000eb080000,0x00000000eb180000)
 ParOldGen       total 239104K, used 216475K [0x00000000c0000000, 0x00000000ce980000, 0x00000000eab00000)
  object space 239104K, 90% used [0x00000000c0000000,0x00000000cd366e00,0x00000000ce980000)
 Metaspace       used 100941K, committed 102592K, reserved 1179648K
  class space    used 10697K, committed 11392K, reserved 1048576K
}
Event: 426.739 GC heap after
{Heap after GC invocations=1773 (full 33):
 PSYoungGen      total 4608K, used 730K [0x00000000eab00000, 0x00000000eb180000, 0x0000000100000000)
  eden space 3584K, 0% used [0x00000000eab00000,0x00000000eab00000,0x00000000eae80000)
  from space 1024K, 71% used [0x00000000eb080000,0x00000000eb136920,0x00000000eb180000)
  to   space 1024K, 0% used [0x00000000eaf80000,0x00000000eaf80000,0x00000000eb080000)
 ParOldGen       total 239104K, used 216539K [0x00000000c0000000, 0x00000000ce980000, 0x00000000eab00000)
  object space 239104K, 90% used [0x00000000c0000000,0x00000000cd376e00,0x00000000ce980000)
 Metaspace       used 100941K, committed 102592K, reserved 1179648K
  class space    used 10697K, committed 11392K, reserved 1048576K
}
Event: 426.746 GC heap before
{Heap before GC invocations=1774 (full 33):
 PSYoungGen      total 4608K, used 4314K [0x00000000eab00000, 0x00000000eb180000, 0x0000000100000000)
  eden space 3584K, 100% used [0x00000000eab00000,0x00000000eae80000,0x00000000eae80000)
  from space 1024K, 71% used [0x00000000eb080000,0x00000000eb136920,0x00000000eb180000)
  to   space 1024K, 0% used [0x00000000eaf80000,0x00000000eaf80000,0x00000000eb080000)
 ParOldGen       total 239104K, used 216539K [0x00000000c0000000, 0x00000000ce980000, 0x00000000eab00000)
  object space 239104K, 90% used [0x00000000c0000000,0x00000000cd376e00,0x00000000ce980000)
 Metaspace       used 100941K, committed 102592K, reserved 1179648K
  class space    used 10697K, committed 11392K, reserved 1048576K
}
Event: 426.747 GC heap after
{Heap after GC invocations=1774 (full 33):
 PSYoungGen      total 4608K, used 570K [0x00000000eab00000, 0x00000000eb100000, 0x0000000100000000)
  eden space 3584K, 0% used [0x00000000eab00000,0x00000000eab00000,0x00000000eae80000)
  from space 1024K, 55% used [0x00000000eaf80000,0x00000000eb00e920,0x00000000eb080000)
  to   space 512K, 0% used [0x00000000eb080000,0x00000000eb080000,0x00000000eb100000)
 ParOldGen       total 239104K, used 216704K [0x00000000c0000000, 0x00000000ce980000, 0x00000000eab00000)
  object space 239104K, 90% used [0x00000000c0000000,0x00000000cd3a0020,0x00000000ce980000)
 Metaspace       used 100941K, committed 102592K, reserved 1179648K
  class space    used 10697K, committed 11392K, reserved 1048576K
}

